<?xml version="1.0" encoding="UTF-8"?>
<!-- Generated by org.testng.reporters.JUnitReportReporter -->
<testsuite hostname="daihongchaodeMacBook-Pro.local" name="hello.NewTest" tests="1" failures="0" timestamp="17 Jul 2016 12:46:23 GMT" time="7.839" errors="0">
  <testcase name="g" time="7.839" classname="hello.NewTest"/>
</testsuite> <!-- hello.NewTest -->
